\BOOKMARK [1][-]{section.1}{\376\377\000I\000n\000t\000r\000o\000d\000u\000c\000t\000i\000o\000n}{}% 1
\BOOKMARK [1][-]{section.2}{\376\377\000M\000i\000l\000e\000s\000t\000o\000n\000e\000\040\000I\000:\000\040\000B\000a\000c\000k\000g\000r\000o\000u\000n\000d\000\040\000C\000o\000s\000m\000o\000l\000o\000g\000y}{}% 2
\BOOKMARK [2][-]{subsection.2.1}{\376\377\000T\000h\000e\000o\000r\000e\000t\000i\000c\000a\000l\000\040\000f\000r\000a\000m\000e\000w\000o\000r\000k}{section.2}% 3
\BOOKMARK [3][-]{subsubsection.2.1.1}{\376\377\000E\000v\000o\000l\000u\000t\000i\000o\000n\000\040\000o\000f\000\040\000t\000h\000e\000\040\000U\000n\000i\000v\000e\000r\000s\000e\000\040\000a\000n\000d\000\040\000t\000h\000e\000\040\000H\000u\000b\000b\000l\000e\000\040\000p\000a\000r\000a\000m\000e\000t\000e\000r}{subsection.2.1}% 4
\BOOKMARK [3][-]{subsubsection.2.1.2}{\376\377\000C\000o\000n\000f\000o\000r\000m\000a\000l\000\040\000t\000i\000m\000e\000\040\000a\000n\000d\000\040\000d\000i\000s\000t\000a\000n\000c\000e\000\040\000m\000e\000a\000s\000u\000r\000e\000s}{subsection.2.1}% 5
\BOOKMARK [3][-]{subsubsection.2.1.3}{\376\377\000K\000e\000y\000\040\000c\000o\000s\000m\000o\000l\000o\000g\000i\000c\000a\000l\000\040\000e\000p\000o\000c\000h\000s}{subsection.2.1}% 6
\BOOKMARK [3][-]{subsubsection.2.1.4}{\376\377\000O\000n\000s\000e\000t\000\040\000o\000f\000\040\000a\000c\000c\000e\000l\000e\000r\000a\000t\000i\000o\000n}{subsection.2.1}% 7
\BOOKMARK [3][-]{subsubsection.2.1.5}{\376\377\000T\000h\000e\000\040\000U\000n\000i\000v\000e\000r\000s\000e\000\040\000t\000o\000d\000a\000y}{subsection.2.1}% 8
\BOOKMARK [3][-]{subsubsection.2.1.6}{\376\377\000I\000n\000i\000t\000i\000a\000l\000\040\000c\000o\000n\000d\000i\000t\000i\000o\000n\000s}{subsection.2.1}% 9
\BOOKMARK [3][-]{subsubsection.2.1.7}{\376\377\000T\000h\000e\000\040\000L\000g\000-\000m\000e\000t\000h\000o\000d}{subsection.2.1}% 10
\BOOKMARK [2][-]{subsection.2.2}{\376\377\000I\000m\000p\000l\000e\000m\000e\000n\000t\000a\000t\000i\000o\000n\000\040\000d\000e\000t\000a\000i\000l\000s}{section.2}% 11
\BOOKMARK [3][-]{subsubsection.2.2.1}{\376\377\000T\000h\000e\000\040\000f\000i\000d\000u\000c\000i\000a\000l\000\040\000m\000o\000d\000e\000l}{subsection.2.2}% 12
\BOOKMARK [3][-]{subsubsection.2.2.2}{\376\377\000M\000a\000i\000n\000\040\000p\000r\000o\000g\000r\000a\000m\000\040\000s\000t\000r\000u\000c\000t\000u\000r\000e}{subsection.2.2}% 13
\BOOKMARK [3][-]{subsubsection.2.2.3}{\376\377\000I\000n\000t\000e\000g\000r\000a\000t\000i\000o\000n\000\040\000l\000i\000m\000i\000t\000s\000\040\000a\000n\000d\000\040\000p\000o\000i\000n\000t\000s}{subsection.2.2}% 14
\BOOKMARK [3][-]{subsubsection.2.2.4}{\376\377\000S\000u\000p\000e\000r\000n\000o\000v\000a\000\040\000f\000i\000t\000t\000i\000n\000g}{subsection.2.2}% 15
\BOOKMARK [2][-]{subsection.2.3}{\376\377\000R\000e\000s\000u\000l\000t\000s\000\040\000a\000n\000d\000\040\000d\000i\000s\000c\000u\000s\000s\000i\000o\000n\000s}{section.2}% 16
\BOOKMARK [3][-]{subsubsection.2.3.1}{\376\377\000T\000e\000s\000t\000\040\000o\000f\000\040\000n\000u\000m\000e\000r\000i\000c\000a\000l\000\040\000s\000t\000a\000b\000i\000l\000i\000t\000y}{subsection.2.3}% 17
\BOOKMARK [3][-]{subsubsection.2.3.2}{\376\377\000T\000h\000e\000\040\000c\000o\000n\000f\000o\000r\000m\000a\000l\000\040\000H\000u\000b\000b\000l\000e\000\040\000p\000a\000r\000a\000m\000e\000t\000e\000r}{subsection.2.3}% 18
\BOOKMARK [3][-]{subsubsection.2.3.3}{\376\377\000T\000i\000m\000e\000\040\000a\000n\000d\000\040\000h\000o\000r\000i\000z\000o\000n\000\040\000m\000e\000a\000s\000u\000r\000e\000s}{subsection.2.3}% 19
\BOOKMARK [3][-]{subsubsection.2.3.4}{\376\377\000D\000e\000n\000s\000i\000t\000y\000\040\000p\000a\000r\000a\000m\000e\000t\000e\000r\000s}{subsection.2.3}% 20
\BOOKMARK [3][-]{subsubsection.2.3.5}{\376\377\000S\000u\000p\000e\000r\000n\000o\000v\000a\000\040\000f\000i\000t\000t\000i\000n\000g}{subsection.2.3}% 21
\BOOKMARK [1][-]{section.3}{\376\377\000M\000i\000l\000e\000s\000t\000o\000n\000e\000\040\000I\000I\000:\000\040\000R\000e\000c\000o\000m\000b\000i\000n\000a\000t\000i\000o\000n\000\040\000H\000i\000s\000t\000o\000r\000y}{}% 22
\BOOKMARK [2][-]{subsection.3.1}{\376\377\000T\000h\000e\000o\000r\000e\000t\000i\000c\000a\000l\000\040\000f\000r\000a\000m\000e\000w\000o\000r\000k}{section.3}% 23
\BOOKMARK [2][-]{subsection.3.2}{\376\377\000I\000m\000p\000l\000e\000m\000e\000n\000t\000a\000t\000i\000o\000n\000\040\000d\000e\000t\000a\000i\000l\000s}{section.3}% 24
\BOOKMARK [2][-]{subsection.3.3}{\376\377\000R\000e\000s\000u\000l\000t\000s\000\040\000a\000n\000d\000\040\000d\000i\000s\000c\000u\000s\000s\000i\000o\000n\000s}{section.3}% 25
\BOOKMARK [1][-]{section.4}{\376\377\000M\000i\000l\000e\000s\000t\000o\000n\000e\000\040\000I\000I\000I\000:\000\040\000P\000e\000r\000t\000u\000r\000b\000a\000t\000i\000o\000n\000s}{}% 26
\BOOKMARK [2][-]{subsection.4.1}{\376\377\000T\000h\000e\000o\000r\000e\000t\000i\000c\000a\000l\000\040\000f\000r\000a\000m\000e\000w\000o\000r\000k}{section.4}% 27
\BOOKMARK [2][-]{subsection.4.2}{\376\377\000I\000m\000p\000l\000e\000m\000e\000n\000t\000a\000t\000i\000o\000n\000\040\000d\000e\000t\000a\000i\000l\000s}{section.4}% 28
\BOOKMARK [2][-]{subsection.4.3}{\376\377\000R\000e\000s\000u\000l\000t\000s\000\040\000a\000n\000d\000\040\000d\000i\000s\000c\000u\000s\000s\000i\000o\000n\000s}{section.4}% 29
\BOOKMARK [1][-]{section.5}{\376\377\000M\000i\000l\000e\000s\000t\000o\000n\000e\000\040\000I\000V\000:\000\040\000P\000o\000w\000e\000r\000\040\000S\000p\000e\000c\000t\000r\000a}{}% 30
\BOOKMARK [2][-]{subsection.5.1}{\376\377\000T\000h\000e\000o\000r\000e\000t\000i\000c\000a\000l\000\040\000f\000r\000a\000m\000e\000w\000o\000r\000k}{section.5}% 31
\BOOKMARK [2][-]{subsection.5.2}{\376\377\000I\000m\000p\000l\000e\000m\000e\000n\000t\000a\000t\000i\000o\000n\000\040\000d\000e\000t\000a\000i\000l\000s}{section.5}% 32
\BOOKMARK [2][-]{subsection.5.3}{\376\377\000R\000e\000s\000u\000l\000t\000s\000\040\000a\000n\000d\000\040\000d\000i\000s\000c\000u\000s\000s\000i\000o\000n\000s}{section.5}% 33
\BOOKMARK [1][-]{section.6}{\376\377\000C\000o\000n\000c\000l\000u\000s\000i\000o\000n\000s}{}% 34
