This is pdfTeX, Version 3.141592653-2.6-1.40.26 (TeX Live 2024) (preloaded format=pdflatex 2024.9.24)  25 MAR 2025 20:47
entering extended mode
 restricted \write18 enabled.
 file:line:error style messages enabled.
 %&-line parsing enabled.
**/Users/paljettrosa/Documents/GitHub/AST5220/tex/main.tex
(/Users/paljettrosa/Documents/GitHub/AST5220/tex/main.tex
LaTeX2e <2023-11-01> patch level 1
L3 programming layer <2024-02-20>
(./aa.cls
Document Class: aa 2016/09/01{} v9.1{} Class for AA journal
(/usr/local/texlive/2024/texmf-dist/tex/latex/base/article.cls
Document Class: article 2023/05/17 v1.4n Standard LaTeX document class
(/usr/local/texlive/2024/texmf-dist/tex/latex/base/fleqn.clo
File: fleqn.clo 2016/12/29 v1.2b Standard LaTeX option (flush left equations)
\mathindent=\skip48
Applying: [2015/01/01] Make \[ robust on input line 50.
LaTeX Info: Redefining \[ on input line 51.
Already applied: [0000/00/00] Make \[ robust on input line 62.
Applying: [2015/01/01] Make \] robust on input line 74.
LaTeX Info: Redefining \] on input line 75.
Already applied: [0000/00/00] Make \] robust on input line 83.
) (/usr/local/texlive/2024/texmf-dist/tex/latex/base/size10.clo
File: size10.clo 2023/05/17 v1.4n Standard LaTeX file (size option)
)
\c@part=\count188
\c@section=\count189
\c@subsection=\count190
\c@subsubsection=\count191
\c@paragraph=\count192
\c@subparagraph=\count193
\c@figure=\count194
\c@table=\count195
\abovecaptionskip=\skip49
\belowcaptionskip=\skip50
\bibindent=\dimen140
)
\aa@fullwidth=\skip51
\aa@fullheight=\skip52
 (/usr/local/texlive/2024/texmf-dist/tex/latex/tools/calc.sty
Package: calc 2023/07/08 v4.3 Infix arithmetic (KKT,FJ)
\calc@Acount=\count196
\calc@Bcount=\count197
\calc@Adimen=\dimen141
\calc@Bdimen=\dimen142
\calc@Askip=\skip53
\calc@Bskip=\skip54
LaTeX Info: Redefining \setlength on input line 80.
LaTeX Info: Redefining \addtolength on input line 81.
\calc@Ccount=\count198
\calc@Cskip=\skip55
) (/usr/local/texlive/2024/texmf-dist/tex/latex/etex-pkg/etex.sty
Package: etex 2016/08/01 v2.7 eTeX basic definition package (PEB,DPC)
\et@xins=\count199
) (/usr/local/texlive/2024/texmf-dist/tex/latex/base/fontenc.sty
Package: fontenc 2021/04/29 v2.0v Standard LaTeX package
) (/usr/local/texlive/2024/texmf-dist/tex/latex/base/inputenc.sty
Package: inputenc 2021/02/14 v1.3d Input encoding file
\inpenc@prehook=\toks17
\inpenc@posthook=\toks18
) (/usr/local/texlive/2024/texmf-dist/tex/latex/geometry/geometry.sty
Package: geometry 2020/01/02 v5.9 Page Geometry
 (/usr/local/texlive/2024/texmf-dist/tex/latex/graphics/keyval.sty
Package: keyval 2022/05/29 v1.15 key=value parser (DPC)
\KV@toks@=\toks19
) (/usr/local/texlive/2024/texmf-dist/tex/generic/iftex/ifvtex.sty
Package: ifvtex 2019/10/25 v1.7 ifvtex legacy package. Use iftex instead.
 (/usr/local/texlive/2024/texmf-dist/tex/generic/iftex/iftex.sty
Package: iftex 2022/02/03 v1.0f TeX engine tests
))
Normal \count register pool exhausted, switching to extended pool.
\Gm@cnth=\count277
\Gm@cntv=\count278
\c@Gm@tempcnt=\count279
\Gm@bindingoffset=\dimen143
\Gm@wd@mp=\dimen144
\Gm@odd@mp=\dimen145
\Gm@even@mp=\dimen146
\Gm@layoutwidth=\dimen147
\Gm@layoutheight=\dimen148
\Gm@layouthoffset=\dimen149
\Gm@layoutvoffset=\dimen150
\Gm@dimlist=\toks20
) (/usr/local/texlive/2024/texmf-dist/tex/latex/setspace/setspace.sty
Package: setspace 2022/12/04 v6.7b set line spacing
) (/usr/local/texlive/2024/texmf-dist/tex/latex/fancyhdr/fancyhdr.sty
Package: fancyhdr 2022/11/09 v4.1 Extensive control of page headers and footers
\f@nch@headwidth=\skip56
\f@nch@O@elh=\skip57
\f@nch@O@erh=\skip58
\f@nch@O@olh=\skip59
\f@nch@O@orh=\skip60
\f@nch@O@elf=\skip61
\f@nch@O@erf=\skip62
\f@nch@O@olf=\skip63
\f@nch@O@orf=\skip64
) (/usr/local/texlive/2024/texmf-dist/tex/latex/sttools/cuted.sty
Package: cuted 2021/10/04 v2.0 Mixing onecolumn and twocolumn modes
\At@ViperColsBreak=\toks21
\preCutedStrip=\toks22
\postCutedStrip=\toks23
\cuted@@tempbox@a=\box51
\cuted@@tempbox@c=\box52
\cuted@@tempbox@var=\box53
\hold@viper=\box54
\@viper=\box55
\cuted@@varbox@a=\box56
\cuted@@varbox@c=\box57
\cuted@@tempdim@spread=\dimen151
\cuted@@tempdim@a=\dimen152
\cuted@@tempdim@b=\dimen153
\ht@hold@viper=\dimen154
\ht@viper=\dimen155
\var@@pagediscards@ht=\dimen156
\stripsep=\skip65
\viper@penalty=\count280
) (/usr/local/texlive/2024/texmf-dist/tex/latex/amsmath/amsmath.sty
Package: amsmath 2023/05/13 v2.17o AMS math features
\@mathmargin=\skip66

For additional information on amsmath, use the `?' option.
(/usr/local/texlive/2024/texmf-dist/tex/latex/amsmath/amstext.sty
Package: amstext 2021/08/26 v2.01 AMS text
 (/usr/local/texlive/2024/texmf-dist/tex/latex/amsmath/amsgen.sty
File: amsgen.sty 1999/11/30 v2.0 generic functions
\@emptytoks=\toks24
\ex@=\dimen157
)) (/usr/local/texlive/2024/texmf-dist/tex/latex/amsmath/amsbsy.sty
Package: amsbsy 1999/11/29 v1.2d Bold Symbols
\pmbraise@=\dimen158
) (/usr/local/texlive/2024/texmf-dist/tex/latex/amsmath/amsopn.sty
Package: amsopn 2022/04/08 v2.04 operator names
)
\inf@bad=\count281
LaTeX Info: Redefining \frac on input line 234.
\uproot@=\count282
\leftroot@=\count283
LaTeX Info: Redefining \overline on input line 399.
LaTeX Info: Redefining \colon on input line 410.
\classnum@=\count284
\DOTSCASE@=\count285
LaTeX Info: Redefining \ldots on input line 496.
LaTeX Info: Redefining \dots on input line 499.
LaTeX Info: Redefining \cdots on input line 620.
\Mathstrutbox@=\box58
\strutbox@=\box59
LaTeX Info: Redefining \big on input line 722.
LaTeX Info: Redefining \Big on input line 723.
LaTeX Info: Redefining \bigg on input line 724.
LaTeX Info: Redefining \Bigg on input line 725.
\big@size=\dimen159
LaTeX Font Info:    Redeclaring font encoding OML on input line 743.
LaTeX Font Info:    Redeclaring font encoding OMS on input line 744.
\macc@depth=\count286
LaTeX Info: Redefining \bmod on input line 905.
LaTeX Info: Redefining \pmod on input line 910.
LaTeX Info: Redefining \smash on input line 940.
LaTeX Info: Redefining \relbar on input line 970.
LaTeX Info: Redefining \Relbar on input line 971.
\c@MaxMatrixCols=\count287
\dotsspace@=\muskip16
\c@parentequation=\count288
\dspbrk@lvl=\count289
\tag@help=\toks25
\row@=\count290
\column@=\count291
\maxfields@=\count292
\andhelp@=\toks26
\eqnshift@=\dimen160
\alignsep@=\dimen161
\tagshift@=\dimen162
\tagwidth@=\dimen163
\totwidth@=\dimen164
\lineht@=\dimen165
\@envbody=\toks27
\multlinegap=\skip67
\multlinetaggap=\skip68
\mathdisplay@stack=\toks28
LaTeX Info: Redefining \[ on input line 2953.
LaTeX Info: Redefining \] on input line 2954.
) (/usr/local/texlive/2024/texmf-dist/tex/latex/amsfonts/amssymb.sty
Package: amssymb 2013/01/14 v3.01 AMS font symbols
 (/usr/local/texlive/2024/texmf-dist/tex/latex/amsfonts/amsfonts.sty
Package: amsfonts 2013/01/14 v3.01 Basic AMSFonts support
\symAMSa=\mathgroup4
\symAMSb=\mathgroup5
LaTeX Font Info:    Redeclaring math symbol \hbar on input line 98.
LaTeX Font Info:    Overwriting math alphabet `\mathfrak' in version `bold'
(Font)                  U/euf/m/n --> U/euf/b/n on input line 106.
)) (/usr/local/texlive/2024/texmf-dist/tex/latex/url/url.sty
\Urlmuskip=\muskip17
Package: url 2013/09/16  ver 3.4  Verb mode for urls, etc.
) (/usr/local/texlive/2024/texmf-dist/tex/latex/tools/enumerate.sty
Package: enumerate 2023/07/04 v3.00 enumerate extensions (DPC)
\@enLab=\toks29
) (/usr/local/texlive/2024/texmf-dist/tex/latex/tools/longtable.sty
Package: longtable 2023-11-01 v4.19 Multi-page Table package (DPC)
\LTleft=\skip69
\LTright=\skip70
\LTpre=\skip71
\LTpost=\skip72
\LTchunksize=\count293
\LTcapwidth=\dimen166
\LT@head=\box60
\LT@firsthead=\box61
\LT@foot=\box62
\LT@lastfoot=\box63
\LT@gbox=\box64
\LT@cols=\count294
\LT@rows=\count295
\c@LT@tables=\count296
\c@LT@chunks=\count297
\LT@p@ftn=\toks30
) (/usr/local/texlive/2024/texmf-dist/tex/latex/natbib/natbib.sty
Package: natbib 2010/09/13 8.31b (PWD, AO)
\bibhang=\skip73
\bibsep=\skip74
LaTeX Info: Redefining \cite on input line 694.
\c@NAT@ctr=\count298
) (/usr/local/texlive/2024/texmf-dist/tex/latex/tools/xspace.sty
Package: xspace 2014/10/28 v1.13 Space after command names (DPC,MH)
) (/usr/local/texlive/2024/texmf-dist/tex/generic/babel/babel.sty
Package: babel 2024/02/07 v24.2 The Babel package
\babel@savecnt=\count299
\U@D=\dimen167
\l@unhyphenated=\language89
 (/usr/local/texlive/2024/texmf-dist/tex/generic/babel/txtbabel.def)
\bbl@readstream=\read2
\bbl@dirlevel=\count300
 (/usr/local/texlive/2024/texmf-dist/tex/generic/babel-english/english.ldf
Language: english 2017/06/06 v3.3r English support from the babel system
Package babel Info: Hyphen rules for 'canadian' set to \l@english
(babel)             (\language0). Reported on input line 102.
Package babel Info: Hyphen rules for 'australian' set to \l@ukenglish
(babel)             (\language23). Reported on input line 105.
Package babel Info: Hyphen rules for 'newzealand' set to \l@ukenglish
(babel)             (\language23). Reported on input line 108.
)) (/usr/local/texlive/2024/texmf-dist/tex/generic/babel/locale/en/babel-english.tex
Package babel Info: Importing font and identification data for english
(babel)             from babel-en.ini. Reported on input line 11.
) (/usr/local/texlive/2024/texmf-dist/tex/latex/graphics/rotating.sty
Package: rotating 2016/08/11 v2.16d rotated objects in LaTeX
 (/usr/local/texlive/2024/texmf-dist/tex/latex/graphics/graphicx.sty
Package: graphicx 2021/09/16 v1.2d Enhanced LaTeX Graphics (DPC,SPQR)
 (/usr/local/texlive/2024/texmf-dist/tex/latex/graphics/graphics.sty
Package: graphics 2022/03/10 v1.4e Standard LaTeX Graphics (DPC,SPQR)
 (/usr/local/texlive/2024/texmf-dist/tex/latex/graphics/trig.sty
Package: trig 2021/08/11 v1.11 sin cos tan (DPC)
) (/usr/local/texlive/2024/texmf-dist/tex/latex/graphics-cfg/graphics.cfg
File: graphics.cfg 2016/06/04 v1.11 sample graphics configuration
)
Package graphics Info: Driver file: pdftex.def on input line 107.
 (/usr/local/texlive/2024/texmf-dist/tex/latex/graphics-def/pdftex.def
File: pdftex.def 2022/09/22 v1.2b Graphics/color driver for pdftex
))
\Gin@req@height=\dimen168
\Gin@req@width=\dimen169
) (/usr/local/texlive/2024/texmf-dist/tex/latex/base/ifthen.sty
Package: ifthen 2022/04/13 v1.1d Standard LaTeX ifthen package (DPC)
)
\c@r@tfl@t=\count301
\rotFPtop=\skip75
\rotFPbot=\skip76
\rot@float@box=\box65
\rot@mess@toks=\toks31
)
\aa@cnta=\count302
\aa@cntb=\count303
\aa@nbwords=\count304
\aa@nbauthors=\count305
\aa@nbinstitutes=\count306
\c@aa@institutecnt=\count307
\aa@savecounter=\count308
\aa@dima=\skip77
\aa@dimb=\skip78
\aa@dimc=\skip79
\VSpaceBeforeTheorem=\skip80
\VSpaceAfterTheorem=\skip81
\HSpaceIndentTheorem=\skip82
\HVSpaceSepTheorem=\skip83
\aa@securityheadmargin=\skip84
\aa@bleedmargin=\skip85
\aa@voffsetlettername=\skip86
\aa@hoffsetlettername=\skip87
\aa@hoffsetgray=\skip88
\aa@aftercontentsnameskip=\skip89
\aa@aftercontentsAutnameskip=\skip90
\aa@beforeheadboxskip=\skip91
\aa@afterheadboxskip=\skip92
\aa@beforetopicsskip=\skip93
\aa@aftertopicsskip=\skip94
\aa@afterletternameskip=\skip95
\aa@beforeletternameskip=\skip96
\aa@beforeheadnoteskip=\skip97
\aa@afterheadnoteskip=\skip98
\aa@aftertitleskip=\skip99
\aa@beforesubtitleskip=\skip100
\aa@aftersubtitleskip=\skip101
\aa@afterauthorskip=\skip102
\aa@beforedefaultheadnoteskip=\skip103
\aa@headingleftmargin=\skip104
\aa@headingrightmargin=\skip105
\aa@afterinstituteskip=\skip106
\aa@instituteindent=\skip107
\aa@afterdateskip=\skip108
\aa@afterdedicationskip=\skip109
\aa@afterabstractnameskip=\skip110
\aa@afterabstractskip=\skip111
\aa@aftersubabstractskip=\skip112
\aa@afterkeywordsskip=\skip113
\aa@beforeacknowledgementsskip=\skip114
\aa@afteracknowledgementsskip=\skip115
\aa@figgap=\skip116
\aa@sidecaptionminwidth=\skip117
\aa@sidecaptionwidth=\skip118
\VSpaceBeforeFigCaption=\skip119
\VSpaceAfterTabCaption=\skip120
\VSpaceBeforeTabBib=\skip121
\VSpaceBeforeTabFoot=\skip122
\aftertext=\skip123
\aa@entryboxwidth=\skip124
\betweenumberspace=\skip125
\authorlink=\toks32
\yearCop=\toks33
\aa@stripbox=\box66
\aa@outputbox=\box67
\c@AAproof=\count309
\c@AAtheorem=\count310
) (/usr/local/texlive/2024/texmf-dist/tex/latex/txfonts/txfonts.sty
Package: txfonts 2008/01/22 v3.2.1
LaTeX Font Info:    Redeclaring symbol font `operators' on input line 21.
LaTeX Font Info:    Overwriting symbol font `operators' in version `normal'
(Font)                  OT1/cmr/m/n --> OT1/txr/m/n on input line 21.
LaTeX Font Info:    Overwriting symbol font `operators' in version `bold'
(Font)                  OT1/cmr/bx/n --> OT1/txr/m/n on input line 21.
LaTeX Font Info:    Overwriting symbol font `operators' in version `bold'
(Font)                  OT1/txr/m/n --> OT1/txr/bx/n on input line 22.
\symitalic=\mathgroup6
LaTeX Font Info:    Overwriting symbol font `italic' in version `bold'
(Font)                  OT1/txr/m/it --> OT1/txr/bx/it on input line 26.
LaTeX Font Info:    Redeclaring math alphabet \mathbf on input line 29.
LaTeX Font Info:    Overwriting math alphabet `\mathbf' in version `normal'
(Font)                  OT1/cmr/bx/n --> OT1/txr/bx/n on input line 29.
LaTeX Font Info:    Overwriting math alphabet `\mathbf' in version `bold'
(Font)                  OT1/cmr/bx/n --> OT1/txr/bx/n on input line 29.
LaTeX Font Info:    Redeclaring math alphabet \mathit on input line 30.
LaTeX Font Info:    Overwriting math alphabet `\mathit' in version `normal'
(Font)                  OT1/cmr/m/it --> OT1/txr/m/it on input line 30.
LaTeX Font Info:    Overwriting math alphabet `\mathit' in version `bold'
(Font)                  OT1/cmr/bx/it --> OT1/txr/m/it on input line 30.
LaTeX Font Info:    Overwriting math alphabet `\mathit' in version `bold'
(Font)                  OT1/txr/m/it --> OT1/txr/bx/it on input line 31.
LaTeX Font Info:    Redeclaring math alphabet \mathsf on input line 40.
LaTeX Font Info:    Overwriting math alphabet `\mathsf' in version `normal'
(Font)                  OT1/cmss/m/n --> OT1/txss/m/n on input line 40.
LaTeX Font Info:    Overwriting math alphabet `\mathsf' in version `bold'
(Font)                  OT1/cmss/bx/n --> OT1/txss/m/n on input line 40.
LaTeX Font Info:    Overwriting math alphabet `\mathsf' in version `bold'
(Font)                  OT1/txss/m/n --> OT1/txss/b/n on input line 41.
LaTeX Font Info:    Redeclaring math alphabet \mathtt on input line 50.
LaTeX Font Info:    Overwriting math alphabet `\mathtt' in version `normal'
(Font)                  OT1/cmtt/m/n --> OT1/txtt/m/n on input line 50.
LaTeX Font Info:    Overwriting math alphabet `\mathtt' in version `bold'
(Font)                  OT1/cmtt/m/n --> OT1/txtt/m/n on input line 50.
LaTeX Font Info:    Overwriting math alphabet `\mathtt' in version `bold'
(Font)                  OT1/txtt/m/n --> OT1/txtt/b/n on input line 51.
LaTeX Font Info:    Redeclaring symbol font `letters' on input line 58.
LaTeX Font Info:    Overwriting symbol font `letters' in version `normal'
(Font)                  OML/cmm/m/it --> OML/txmi/m/it on input line 58.
LaTeX Font Info:    Overwriting symbol font `letters' in version `bold'
(Font)                  OML/cmm/b/it --> OML/txmi/m/it on input line 58.
LaTeX Font Info:    Overwriting symbol font `letters' in version `bold'
(Font)                  OML/txmi/m/it --> OML/txmi/bx/it on input line 59.
\symlettersA=\mathgroup7
LaTeX Font Info:    Overwriting symbol font `lettersA' in version `bold'
(Font)                  U/txmia/m/it --> U/txmia/bx/it on input line 67.
LaTeX Font Info:    Redeclaring math alphabet \mathfrak on input line 70.
LaTeX Font Info:    Redeclaring symbol font `symbols' on input line 77.
LaTeX Font Info:    Overwriting symbol font `symbols' in version `normal'
(Font)                  OMS/cmsy/m/n --> OMS/txsy/m/n on input line 77.
LaTeX Font Info:    Overwriting symbol font `symbols' in version `bold'
(Font)                  OMS/cmsy/b/n --> OMS/txsy/m/n on input line 77.
LaTeX Font Info:    Overwriting symbol font `symbols' in version `bold'
(Font)                  OMS/txsy/m/n --> OMS/txsy/bx/n on input line 78.
LaTeX Font Info:    Redeclaring symbol font `AMSa' on input line 93.
LaTeX Font Info:    Overwriting symbol font `AMSa' in version `normal'
(Font)                  U/msa/m/n --> U/txsya/m/n on input line 93.
LaTeX Font Info:    Overwriting symbol font `AMSa' in version `bold'
(Font)                  U/msa/m/n --> U/txsya/m/n on input line 93.
LaTeX Font Info:    Overwriting symbol font `AMSa' in version `bold'
(Font)                  U/txsya/m/n --> U/txsya/bx/n on input line 94.
LaTeX Font Info:    Redeclaring symbol font `AMSb' on input line 102.
LaTeX Font Info:    Overwriting symbol font `AMSb' in version `normal'
(Font)                  U/msb/m/n --> U/txsyb/m/n on input line 102.
LaTeX Font Info:    Overwriting symbol font `AMSb' in version `bold'
(Font)                  U/msb/m/n --> U/txsyb/m/n on input line 102.
LaTeX Font Info:    Overwriting symbol font `AMSb' in version `bold'
(Font)                  U/txsyb/m/n --> U/txsyb/bx/n on input line 103.
\symsymbolsC=\mathgroup8
LaTeX Font Info:    Overwriting symbol font `symbolsC' in version `bold'
(Font)                  U/txsyc/m/n --> U/txsyc/bx/n on input line 113.
LaTeX Font Info:    Redeclaring symbol font `largesymbols' on input line 120.
LaTeX Font Info:    Overwriting symbol font `largesymbols' in version `normal'
(Font)                  OMX/cmex/m/n --> OMX/txex/m/n on input line 120.
LaTeX Font Info:    Overwriting symbol font `largesymbols' in version `bold'
(Font)                  OMX/cmex/m/n --> OMX/txex/m/n on input line 120.
LaTeX Font Info:    Overwriting symbol font `largesymbols' in version `bold'
(Font)                  OMX/txex/m/n --> OMX/txex/bx/n on input line 121.
\symlargesymbolsA=\mathgroup9
LaTeX Font Info:    Overwriting symbol font `largesymbolsA' in version `bold'
(Font)                  U/txexa/m/n --> U/txexa/bx/n on input line 129.
LaTeX Font Info:    Redeclaring math symbol \mathsterling on input line 164.
LaTeX Info: Redefining \not on input line 1043.
) (/usr/local/texlive/2024/texmf-dist/tex/latex/xcolor/xcolor.sty
Package: xcolor 2023/11/15 v3.01 LaTeX color extensions (UK)
 (/usr/local/texlive/2024/texmf-dist/tex/latex/graphics-cfg/color.cfg
File: color.cfg 2016/01/02 v1.6 sample color configuration
)
Package xcolor Info: Driver file: pdftex.def on input line 274.
 (/usr/local/texlive/2024/texmf-dist/tex/latex/graphics/mathcolor.ltx)
Package xcolor Info: Model `cmy' substituted by `cmy0' on input line 1350.
Package xcolor Info: Model `hsb' substituted by `rgb' on input line 1354.
Package xcolor Info: Model `RGB' extended on input line 1366.
Package xcolor Info: Model `HTML' substituted by `rgb' on input line 1368.
Package xcolor Info: Model `Hsb' substituted by `hsb' on input line 1369.
Package xcolor Info: Model `tHsb' substituted by `hsb' on input line 1370.
Package xcolor Info: Model `HSB' substituted by `hsb' on input line 1371.
Package xcolor Info: Model `Gray' substituted by `gray' on input line 1372.
Package xcolor Info: Model `wave' substituted by `hsb' on input line 1373.
) (/usr/local/texlive/2024/texmf-dist/tex/latex/xcolor/svgnam.def
File: svgnam.def 2023/11/15 v3.01 Predefined colors according to SVG 1.1 (UK)
) (/usr/local/texlive/2024/texmf-dist/tex/latex/hyperref/hyperref.sty
Package: hyperref 2024-01-20 v7.01h Hypertext links for LaTeX
 (/usr/local/texlive/2024/texmf-dist/tex/latex/kvsetkeys/kvsetkeys.sty
Package: kvsetkeys 2022-10-05 v1.19 Key value parser (HO)
) (/usr/local/texlive/2024/texmf-dist/tex/generic/kvdefinekeys/kvdefinekeys.sty
Package: kvdefinekeys 2019-12-19 v1.6 Define keys (HO)
) (/usr/local/texlive/2024/texmf-dist/tex/generic/pdfescape/pdfescape.sty
Package: pdfescape 2019/12/09 v1.15 Implements pdfTeX's escape features (HO)
 (/usr/local/texlive/2024/texmf-dist/tex/generic/ltxcmds/ltxcmds.sty
Package: ltxcmds 2023-12-04 v1.26 LaTeX kernel commands for general use (HO)
) (/usr/local/texlive/2024/texmf-dist/tex/generic/pdftexcmds/pdftexcmds.sty
Package: pdftexcmds 2020-06-27 v0.33 Utility functions of pdfTeX for LuaTeX (HO)
 (/usr/local/texlive/2024/texmf-dist/tex/generic/infwarerr/infwarerr.sty
Package: infwarerr 2019/12/03 v1.5 Providing info/warning/error messages (HO)
)
Package pdftexcmds Info: \pdf@primitive is available.
Package pdftexcmds Info: \pdf@ifprimitive is available.
Package pdftexcmds Info: \pdfdraftmode found.
)) (/usr/local/texlive/2024/texmf-dist/tex/latex/hycolor/hycolor.sty
Package: hycolor 2020-01-27 v1.10 Color options for hyperref/bookmark (HO)
) (/usr/local/texlive/2024/texmf-dist/tex/latex/auxhook/auxhook.sty
Package: auxhook 2019-12-17 v1.6 Hooks for auxiliary files (HO)
) (/usr/local/texlive/2024/texmf-dist/tex/latex/hyperref/nameref.sty
Package: nameref 2023-11-26 v2.56 Cross-referencing by name of section
 (/usr/local/texlive/2024/texmf-dist/tex/latex/refcount/refcount.sty
Package: refcount 2019/12/15 v3.6 Data extraction from label references (HO)
) (/usr/local/texlive/2024/texmf-dist/tex/generic/gettitlestring/gettitlestring.sty
Package: gettitlestring 2019/12/15 v1.6 Cleanup title references (HO)
 (/usr/local/texlive/2024/texmf-dist/tex/latex/kvoptions/kvoptions.sty
Package: kvoptions 2022-06-15 v3.15 Key value format for package options (HO)
))
\c@section@level=\count311
) (/usr/local/texlive/2024/texmf-dist/tex/latex/etoolbox/etoolbox.sty
Package: etoolbox 2020/10/05 v2.5k e-TeX tools for LaTeX (JAW)
\etb@tempcnta=\count312
)
\@linkdim=\dimen170
\Hy@linkcounter=\count313
\Hy@pagecounter=\count314
 (/usr/local/texlive/2024/texmf-dist/tex/latex/hyperref/pd1enc.def
File: pd1enc.def 2024-01-20 v7.01h Hyperref: PDFDocEncoding definition (HO)
Now handling font encoding PD1 ...
... no UTF-8 mapping file for font encoding PD1
) (/usr/local/texlive/2024/texmf-dist/tex/generic/intcalc/intcalc.sty
Package: intcalc 2019/12/15 v1.3 Expandable calculations with integers (HO)
)
\Hy@SavedSpaceFactor=\count315
 (/usr/local/texlive/2024/texmf-dist/tex/latex/hyperref/puenc.def
File: puenc.def 2024-01-20 v7.01h Hyperref: PDF Unicode definition (HO)
Now handling font encoding PU ...
... no UTF-8 mapping file for font encoding PU
)
Package hyperref Info: Hyper figures OFF on input line 4179.
Package hyperref Info: Link nesting OFF on input line 4184.
Package hyperref Info: Hyper index ON on input line 4187.
Package hyperref Info: Plain pages OFF on input line 4194.
Package hyperref Info: Backreferencing OFF on input line 4199.
Package hyperref Info: Implicit mode ON; LaTeX internals redefined.
Package hyperref Info: Bookmarks ON on input line 4446.
\c@Hy@tempcnt=\count316
LaTeX Info: Redefining \url on input line 4784.
\XeTeXLinkMargin=\dimen171
 (/usr/local/texlive/2024/texmf-dist/tex/generic/bitset/bitset.sty
Package: bitset 2019/12/09 v1.3 Handle bit-vector datatype (HO)
 (/usr/local/texlive/2024/texmf-dist/tex/generic/bigintcalc/bigintcalc.sty
Package: bigintcalc 2019/12/15 v1.5 Expandable calculations on big integers (HO)
))
\Fld@menulength=\count317
\Field@Width=\dimen172
\Fld@charsize=\dimen173
Package hyperref Info: Hyper figures OFF on input line 6063.
Package hyperref Info: Link nesting OFF on input line 6068.
Package hyperref Info: Hyper index ON on input line 6071.
Package hyperref Info: backreferencing OFF on input line 6078.
Package hyperref Info: Link coloring OFF on input line 6083.
Package hyperref Info: Link coloring with OCG OFF on input line 6088.
Package hyperref Info: PDF/A mode OFF on input line 6093.
 (/usr/local/texlive/2024/texmf-dist/tex/latex/base/atbegshi-ltx.sty
Package: atbegshi-ltx 2021/01/10 v1.0c Emulation of the original atbegshi
package with kernel methods
)
\Hy@abspage=\count318
\c@Item=\count319
\c@Hfootnote=\count320
)
Package hyperref Info: Driver (autodetected): hpdftex.
 (/usr/local/texlive/2024/texmf-dist/tex/latex/hyperref/hpdftex.def
File: hpdftex.def 2024-01-20 v7.01h Hyperref driver for pdfTeX
 (/usr/local/texlive/2024/texmf-dist/tex/latex/base/atveryend-ltx.sty
Package: atveryend-ltx 2020/08/19 v1.0a Emulation of the original atveryend package
with kernel methods
)
\Fld@listcount=\count321
\c@bookmark@seq@number=\count322
 (/usr/local/texlive/2024/texmf-dist/tex/latex/rerunfilecheck/rerunfilecheck.sty
Package: rerunfilecheck 2022-07-10 v1.10 Rerun checks for auxiliary files (HO)
 (/usr/local/texlive/2024/texmf-dist/tex/generic/uniquecounter/uniquecounter.sty
Package: uniquecounter 2019/12/15 v1.4 Provide unlimited unique counter (HO)
)
Package uniquecounter Info: New unique counter `rerunfilecheck' on input line 285.
)
\Hy@SectionHShift=\skip126
) (/usr/local/texlive/2024/texmf-dist/tex/latex/cleveref/cleveref.sty
Package: cleveref 2018/03/27 v0.21.4 Intelligent cross-referencing
Package cleveref Info: `hyperref' support loaded on input line 2370.
LaTeX Info: Redefining \cref on input line 2370.
LaTeX Info: Redefining \Cref on input line 2370.
LaTeX Info: Redefining \crefrange on input line 2370.
LaTeX Info: Redefining \Crefrange on input line 2370.
LaTeX Info: Redefining \cpageref on input line 2370.
LaTeX Info: Redefining \Cpageref on input line 2370.
LaTeX Info: Redefining \cpagerefrange on input line 2370.
LaTeX Info: Redefining \Cpagerefrange on input line 2370.
LaTeX Info: Redefining \labelcref on input line 2370.
LaTeX Info: Redefining \labelcpageref on input line 2370.
) (/usr/local/texlive/2024/texmf-dist/tex/latex/multirow/multirow.sty
Package: multirow 2021/03/15 v2.8 Span multiple rows of a table
\multirow@colwidth=\skip127
\multirow@cntb=\count323
\multirow@dima=\skip128
\bigstrutjot=\dimen174
)
Package hyperref Info: Option `colorlinks' set `true' on input line 42.
Package hyperref Info: Option `breaklinks' set `true' on input line 42.
LaTeX Font Info:    Trying to load font information for T1+txr on input line 44.
 (/usr/local/texlive/2024/texmf-dist/tex/latex/txfonts/t1txr.fd
File: t1txr.fd 2000/12/15 v3.1
) (/usr/local/texlive/2024/texmf-dist/tex/latex/l3backend/l3backend-pdftex.def
File: l3backend-pdftex.def 2024-02-20 L3 backend support: PDF output (pdfTeX)
\l__color_backend_stack_int=\count324
\l__pdf_internal_box=\box68
) (out/main.aux)
\openout1 = `main.aux'.

LaTeX Font Info:    Checking defaults for OML/txmi/m/it on input line 44.
LaTeX Font Info:    Trying to load font information for OML+txmi on input line 44.
 (/usr/local/texlive/2024/texmf-dist/tex/latex/txfonts/omltxmi.fd
File: omltxmi.fd 2000/12/15 v3.1
)
LaTeX Font Info:    ... okay on input line 44.
LaTeX Font Info:    Checking defaults for OMS/txsy/m/n on input line 44.
LaTeX Font Info:    Trying to load font information for OMS+txsy on input line 44.
 (/usr/local/texlive/2024/texmf-dist/tex/latex/txfonts/omstxsy.fd
File: omstxsy.fd 2000/12/15 v3.1
)
LaTeX Font Info:    ... okay on input line 44.
LaTeX Font Info:    Checking defaults for OT1/cmr/m/n on input line 44.
LaTeX Font Info:    ... okay on input line 44.
LaTeX Font Info:    Checking defaults for T1/cmr/m/n on input line 44.
LaTeX Font Info:    ... okay on input line 44.
LaTeX Font Info:    Checking defaults for TS1/cmr/m/n on input line 44.
LaTeX Font Info:    ... okay on input line 44.
LaTeX Font Info:    Checking defaults for OMX/txex/m/n on input line 44.
LaTeX Font Info:    Trying to load font information for OMX+txex on input line 44.
 (/usr/local/texlive/2024/texmf-dist/tex/latex/txfonts/omxtxex.fd
File: omxtxex.fd 2000/12/15 v3.1
)
LaTeX Font Info:    ... okay on input line 44.
LaTeX Font Info:    Checking defaults for U/txexa/m/n on input line 44.
LaTeX Font Info:    Trying to load font information for U+txexa on input line 44.
 (/usr/local/texlive/2024/texmf-dist/tex/latex/txfonts/utxexa.fd
File: utxexa.fd 2000/12/15 v3.1
)
LaTeX Font Info:    ... okay on input line 44.
LaTeX Font Info:    Checking defaults for PD1/pdf/m/n on input line 44.
LaTeX Font Info:    ... okay on input line 44.
LaTeX Font Info:    Checking defaults for PU/pdf/m/n on input line 44.
LaTeX Font Info:    ... okay on input line 44.

*geometry* detected driver: pdftex
*geometry* verbose mode - [ preamble ] result:
* driver: pdftex
* paper: a4paper
* layout: <same size as paper>
* layoutoffset:(h,v)=(0.0pt,0.0pt)
* modes: twoside 
* h-part:(L,W,R)=(36.98859pt, 523.5307pt, 36.98859pt)
* v-part:(T,H,B)=(56.01874pt, 705.0pt, 84.0281pt)
* \paperwidth=597.50787pt
* \paperheight=845.04684pt
* \textwidth=523.5307pt
* \textheight=705.0pt
* \oddsidemargin=-35.2814pt
* \evensidemargin=-35.2814pt
* \topmargin=-40.25125pt
* \headheight=12.0pt
* \headsep=12.0pt
* \topskip=10.0pt
* \footskip=20.0pt
* \marginparwidth=0.0pt
* \marginparsep=0.0pt
* \columnsep=11.38109pt
* \skip\footins=9.0pt plus 4.0pt minus 2.0pt
* \hoffset=0.0pt
* \voffset=0.0pt
* \mag=1000
* \@twocolumntrue
* \@twosidetrue
* \@mparswitchtrue
* \@reversemarginfalse
* (1in=72.27pt=25.4mm, 1cm=28.453pt)

(/usr/local/texlive/2024/texmf-dist/tex/context/base/mkii/supp-pdf.mkii
[Loading MPS to PDF converter (version 2006.09.02).]
\scratchcounter=\count325
\scratchdimen=\dimen175
\scratchbox=\box69
\nofMPsegments=\count326
\nofMParguments=\count327
\everyMPshowfont=\toks34
\MPscratchCnt=\count328
\MPscratchDim=\dimen176
\MPnumerator=\count329
\makeMPintoPDFobject=\count330
\everyMPtoPDFconversion=\toks35
) (/usr/local/texlive/2024/texmf-dist/tex/latex/epstopdf-pkg/epstopdf-base.sty
Package: epstopdf-base 2020-01-24 v2.11 Base part for package epstopdf
Package epstopdf-base Info: Redefining graphics rule for `.eps' on input line 485.
 (/usr/local/texlive/2024/texmf-dist/tex/latex/latexconfig/epstopdf-sys.cfg
File: epstopdf-sys.cfg 2010/07/13 v1.3 Configuration of (r)epstopdf for TeX Live
))
Package hyperref Info: Link coloring ON on input line 44.
 (out/main.out) (out/main.out)
\@outlinefile=\write3
\openout3 = `main.out'.

LaTeX Font Info:    Trying to load font information for T1+txss on input line 73.
 (/usr/local/texlive/2024/texmf-dist/tex/latex/txfonts/t1txss.fd
File: t1txss.fd 2000/12/15 v3.1
)
LaTeX Font Info:    Font shape `T1/txss/m/n' will be
(Font)              scaled to size 16.41594pt on input line 73.
LaTeX Font Info:    Font shape `T1/txss/b/n' in size <17.28> not available
(Font)              Font shape `T1/txss/bx/n' tried instead on input line 73.
LaTeX Font Info:    Font shape `T1/txss/bx/n' will be
(Font)              scaled to size 16.41594pt on input line 73.
LaTeX Font Info:    Trying to load font information for OT1+txr on input line 73.
 (/usr/local/texlive/2024/texmf-dist/tex/latex/txfonts/ot1txr.fd
File: ot1txr.fd 2000/12/15 v3.1
)
LaTeX Font Info:    Trying to load font information for U+txsya on input line 73.
 (/usr/local/texlive/2024/texmf-dist/tex/latex/txfonts/utxsya.fd
File: utxsya.fd 2000/12/15 v3.1
)
LaTeX Font Info:    Trying to load font information for U+txsyb on input line 73.
 (/usr/local/texlive/2024/texmf-dist/tex/latex/txfonts/utxsyb.fd
File: utxsyb.fd 2000/12/15 v3.1
)
LaTeX Font Info:    Trying to load font information for U+txmia on input line 73.
 (/usr/local/texlive/2024/texmf-dist/tex/latex/txfonts/utxmia.fd
File: utxmia.fd 2000/12/15 v3.1
)
LaTeX Font Info:    Trying to load font information for U+txsyc on input line 73.
 (/usr/local/texlive/2024/texmf-dist/tex/latex/txfonts/utxsyc.fd
File: utxsyc.fd 2000/12/15 v3.1
)
LaTeX Font Info:    Font shape `T1/txss/m/n' will be
(Font)              scaled to size 13.67995pt on input line 73.
LaTeX Font Info:    Font shape `T1/txss/b/n' in size <14.4> not available
(Font)              Font shape `T1/txss/bx/n' tried instead on input line 73.
LaTeX Font Info:    Font shape `T1/txss/bx/n' will be
(Font)              scaled to size 13.67995pt on input line 73.
LaTeX Font Info:    Font shape `T1/txss/m/n' will be
(Font)              scaled to size 8.54997pt on input line 73.
LaTeX Font Info:    Font shape `T1/txss/b/n' in size <9> not available
(Font)              Font shape `T1/txss/bx/n' tried instead on input line 73.
LaTeX Font Info:    Font shape `T1/txss/bx/n' will be
(Font)              scaled to size 8.54997pt on input line 73.
LaTeX Font Info:    Font shape `T1/txss/m/it' in size <9> not available
(Font)              Font shape `T1/txss/m/sl' tried instead on input line 73.
LaTeX Font Info:    Font shape `T1/txss/m/sl' will be
(Font)              scaled to size 8.54997pt on input line 73.
LaTeX Font Info:    Font shape `T1/txss/m/n' will be
(Font)              scaled to size 10.40245pt on input line 73.
LaTeX Font Info:    Font shape `T1/txss/b/n' in size <10.95> not available
(Font)              Font shape `T1/txss/bx/n' tried instead on input line 73.
LaTeX Font Info:    Font shape `T1/txss/bx/n' will be
(Font)              scaled to size 10.40245pt on input line 73.

Underfull \hbox (badness 10000) in paragraph at lines 74--76

 []

LaTeX Font Info:    Font shape `T1/txss/m/n' will be
(Font)              scaled to size 9.49997pt on input line 86.
LaTeX Font Info:    Font shape `T1/txss/m/it' in size <10> not available
(Font)              Font shape `T1/txss/m/sl' tried instead on input line 86.
LaTeX Font Info:    Font shape `T1/txss/m/sl' will be
(Font)              scaled to size 9.49997pt on input line 86.

Package hyperref Warning: Suppressing link with empty target on input line 113.

[1{/usr/local/texlive/2024/texmf-var/fonts/map/pdftex/updmap/pdftex.map}{/usr/local/texlive/2024/texmf-dist/fonts/enc/dvips/base/8r.enc}


]

Package hyperref Warning: Suppressing link with empty target on input line 208.

[2]

Package hyperref Warning: Suppressing link with empty target on input line 303.

[3]

Package hyperref Warning: Suppressing link with empty target on input line 416.

[4]
LaTeX Font Info:    Trying to load font information for T1+txtt on input line 466.
 (/usr/local/texlive/2024/texmf-dist/tex/latex/txfonts/t1txtt.fd
File: t1txtt.fd 2000/12/15 v3.1
)

Package hyperref Warning: Suppressing link with empty target on input line 486.

[5]
</Users/paljettrosa/Documents/GitHub/AST5220/figs/numerical_stability.pdf, id=422, 578.16pt x 433.62pt>
File: /Users/paljettrosa/Documents/GitHub/AST5220/figs/numerical_stability.pdf Graphic file (type pdf)
<use /Users/paljettrosa/Documents/GitHub/AST5220/figs/numerical_stability.pdf>
Package pdftex.def Info: /Users/paljettrosa/Documents/GitHub/AST5220/figs/numerical_stability.pdf  used on input line 490.
(pdftex.def)             Requested size: 256.0748pt x 192.05052pt.
LaTeX Font Info:    Font shape `T1/txr/b/n' in size <9> not available
(Font)              Font shape `T1/txr/bx/n' tried instead on input line 491.
</Users/paljettrosa/Documents/GitHub/AST5220/figs/H_prime.pdf, id=424, 578.16pt x 433.62pt>
File: /Users/paljettrosa/Documents/GitHub/AST5220/figs/H_prime.pdf Graphic file (type pdf)
<use /Users/paljettrosa/Documents/GitHub/AST5220/figs/H_prime.pdf>
Package pdftex.def Info: /Users/paljettrosa/Documents/GitHub/AST5220/figs/H_prime.pdf  used on input line 504.
(pdftex.def)             Requested size: 256.0748pt x 192.05052pt.
</Users/paljettrosa/Documents/GitHub/AST5220/figs/H_prime_derivatives.pdf, id=426, 1156.32pt x 433.62pt>
File: /Users/paljettrosa/Documents/GitHub/AST5220/figs/H_prime_derivatives.pdf Graphic file (type pdf)
<use /Users/paljettrosa/Documents/GitHub/AST5220/figs/H_prime_derivatives.pdf>
Package pdftex.def Info: /Users/paljettrosa/Documents/GitHub/AST5220/figs/H_prime_derivatives.pdf  used on input line 513.
(pdftex.def)             Requested size: 523.5307pt x 196.32478pt.

Underfull \vbox (badness 10000) has occurred while \output is active []



Package hyperref Warning: Suppressing link with empty target on input line 522.

[6 </Users/paljettrosa/Documents/GitHub/AST5220/figs/numerical_stability.pdf> </Users/paljettrosa/Documents/GitHub/AST5220/figs/H_prime.pdf>]
</Users/paljettrosa/Documents/GitHub/AST5220/figs/eta_and_t.pdf, id=485, 1156.32pt x 867.24pt>
File: /Users/paljettrosa/Documents/GitHub/AST5220/figs/eta_and_t.pdf Graphic file (type pdf)
<use /Users/paljettrosa/Documents/GitHub/AST5220/figs/eta_and_t.pdf>
Package pdftex.def Info: /Users/paljettrosa/Documents/GitHub/AST5220/figs/eta_and_t.pdf  used on input line 525.
(pdftex.def)             Requested size: 523.5307pt x 392.64957pt.
</Users/paljettrosa/Documents/GitHub/AST5220/figs/density_parameters.pdf, id=493, 578.16pt x 433.62pt>
File: /Users/paljettrosa/Documents/GitHub/AST5220/figs/density_parameters.pdf Graphic file (type pdf)
<use /Users/paljettrosa/Documents/GitHub/AST5220/figs/density_parameters.pdf>
Package pdftex.def Info: /Users/paljettrosa/Documents/GitHub/AST5220/figs/density_parameters.pdf  used on input line 563.
(pdftex.def)             Requested size: 256.0748pt x 192.05052pt.
</Users/paljettrosa/Documents/GitHub/AST5220/figs/luminosity_distance.pdf, id=498, 578.16pt x 433.62pt>
File: /Users/paljettrosa/Documents/GitHub/AST5220/figs/luminosity_distance.pdf Graphic file (type pdf)
<use /Users/paljettrosa/Documents/GitHub/AST5220/figs/luminosity_distance.pdf>
Package pdftex.def Info: /Users/paljettrosa/Documents/GitHub/AST5220/figs/luminosity_distance.pdf  used on input line 615.
(pdftex.def)             Requested size: 256.0748pt x 192.05052pt.


Package hyperref Warning: Suppressing link with empty target on input line 620.

[7 </Users/paljettrosa/Documents/GitHub/AST5220/figs/H_prime_derivatives.pdf>]
Underfull \vbox (badness 10000) has occurred while \output is active []

</Users/paljettrosa/Documents/GitHub/AST5220/figs/MCMC_fits.pdf, id=526, 578.16pt x 433.62pt>
File: /Users/paljettrosa/Documents/GitHub/AST5220/figs/MCMC_fits.pdf Graphic file (type pdf)
<use /Users/paljettrosa/Documents/GitHub/AST5220/figs/MCMC_fits.pdf>
Package pdftex.def Info: /Users/paljettrosa/Documents/GitHub/AST5220/figs/MCMC_fits.pdf  used on input line 624.
(pdftex.def)             Requested size: 256.0748pt x 192.05052pt.

Underfull \vbox (badness 10000) has occurred while \output is active []



Package hyperref Warning: Suppressing link with empty target on input line 629.

[8 </Users/paljettrosa/Documents/GitHub/AST5220/figs/eta_and_t.pdf>]
</Users/paljettrosa/Documents/GitHub/AST5220/figs/distributions.pdf, id=546, 1156.32pt x 867.24pt>
File: /Users/paljettrosa/Documents/GitHub/AST5220/figs/distributions.pdf Graphic file (type pdf)
<use /Users/paljettrosa/Documents/GitHub/AST5220/figs/distributions.pdf>
Package pdftex.def Info: /Users/paljettrosa/Documents/GitHub/AST5220/figs/distributions.pdf  used on input line 637.
(pdftex.def)             Requested size: 523.5307pt x 392.64957pt.

Underfull \vbox (badness 1137) has occurred while \output is active []



Package hyperref Warning: Suppressing link with empty target on input line 651.

[9 </Users/paljettrosa/Documents/GitHub/AST5220/figs/density_parameters.pdf> </Users/paljettrosa/Documents/GitHub/AST5220/figs/luminosity_distance.pdf> </Users/paljettrosa/Documents/GitHub/AST5220/figs/MCMC_fits.pdf>]

Package hyperref Warning: Suppressing link with empty target on input line 712.

[10 </Users/paljettrosa/Documents/GitHub/AST5220/figs/distributions.pdf>]

Package hyperref Warning: Suppressing link with empty target on input line 819.

[11]

Package hyperref Warning: Suppressing link with empty target on input line 912.

[12]

Package hyperref Warning: Suppressing link with empty target on input line 996.

[13]

Package hyperref Warning: Suppressing link with empty target on input line 1074.

[14]
</Users/paljettrosa/Documents/GitHub/AST5220/figs/Xe_and_ne.pdf, id=715, 1156.32pt x 433.62pt>
File: /Users/paljettrosa/Documents/GitHub/AST5220/figs/Xe_and_ne.pdf Graphic file (type pdf)
<use /Users/paljettrosa/Documents/GitHub/AST5220/figs/Xe_and_ne.pdf>
Package pdftex.def Info: /Users/paljettrosa/Documents/GitHub/AST5220/figs/Xe_and_ne.pdf  used on input line 1109.
(pdftex.def)             Requested size: 523.5307pt x 196.32478pt.
</Users/paljettrosa/Documents/GitHub/AST5220/figs/optical_depth.pdf, id=717, 1156.32pt x 867.24pt>
File: /Users/paljettrosa/Documents/GitHub/AST5220/figs/optical_depth.pdf Graphic file (type pdf)
<use /Users/paljettrosa/Documents/GitHub/AST5220/figs/optical_depth.pdf>
Package pdftex.def Info: /Users/paljettrosa/Documents/GitHub/AST5220/figs/optical_depth.pdf  used on input line 1133.
(pdftex.def)             Requested size: 523.5307pt x 392.64957pt.
LaTeX Font Info:    Font shape `T1/txr/b/n' in size <10> not available
(Font)              Font shape `T1/txr/bx/n' tried instead on input line 1143.


Package natbib Warning: Citation `Helium' on page 15 undefined on input line 1143.


Package hyperref Warning: Suppressing link with empty target on input line 1144.

[15]

Package hyperref Warning: Suppressing link with empty target on input line 1144.

[16 </Users/paljettrosa/Documents/GitHub/AST5220/figs/Xe_and_ne.pdf> </Users/paljettrosa/Documents/GitHub/AST5220/figs/optical_depth.pdf>]
</Users/paljettrosa/Documents/GitHub/AST5220/figs/visibility_function.pdf, id=766, 578.16pt x 867.24pt>
File: /Users/paljettrosa/Documents/GitHub/AST5220/figs/visibility_function.pdf Graphic file (type pdf)
<use /Users/paljettrosa/Documents/GitHub/AST5220/figs/visibility_function.pdf>
Package pdftex.def Info: /Users/paljettrosa/Documents/GitHub/AST5220/figs/visibility_function.pdf  used on input line 1155.
(pdftex.def)             Requested size: 256.0748pt x 384.10106pt.

Underfull \vbox (badness 1158) has occurred while \output is active []



Package hyperref Warning: Suppressing link with empty target on input line 1172.

[17 </Users/paljettrosa/Documents/GitHub/AST5220/figs/visibility_function.pdf>]
Underfull \hbox (badness 1052) in paragraph at lines 1215--1216
[]\T1/txr/m/n/10 The dif-fer-ence in sound hori-zons be-tween the two ap-
 []

</Users/paljettrosa/Documents/GitHub/AST5220/figs/sound_horizon.pdf, id=793, 578.16pt x 433.62pt>
File: /Users/paljettrosa/Documents/GitHub/AST5220/figs/sound_horizon.pdf Graphic file (type pdf)
<use /Users/paljettrosa/Documents/GitHub/AST5220/figs/sound_horizon.pdf>
Package pdftex.def Info: /Users/paljettrosa/Documents/GitHub/AST5220/figs/sound_horizon.pdf  used on input line 1222.
(pdftex.def)             Requested size: 256.0748pt x 192.05052pt.
</Users/paljettrosa/Documents/GitHub/AST5220/figs/photon_baryon_temp.pdf, id=799, 578.16pt x 433.62pt>
File: /Users/paljettrosa/Documents/GitHub/AST5220/figs/photon_baryon_temp.pdf Graphic file (type pdf)
<use /Users/paljettrosa/Documents/GitHub/AST5220/figs/photon_baryon_temp.pdf>
Package pdftex.def Info: /Users/paljettrosa/Documents/GitHub/AST5220/figs/photon_baryon_temp.pdf  used on input line 1241.
(pdftex.def)             Requested size: 256.0748pt x 192.05052pt.

Package hyperref Warning: Suppressing link with empty target on input line 1249.

[18 </Users/paljettrosa/Documents/GitHub/AST5220/figs/sound_horizon.pdf>]
Underfull \vbox (badness 4859) has occurred while \output is active []


Underfull \hbox (badness 5119) in paragraph at lines 1264--1265
[]\T1/txr/m/n/10 In this mile-stone, I nu-mer-i-cally solve the Einstein-
 []


Underfull \vbox (badness 4181) has occurred while \output is active []



Package hyperref Warning: Suppressing link with empty target on input line 1336.

[19 </Users/paljettrosa/Documents/GitHub/AST5220/figs/photon_baryon_temp.pdf>]
Underfull \hbox (badness 3977) in paragraph at lines 1373--1377
[]\T1/txr/m/n/10 Eq. [] en-codes two key ef-fects that shape CMB
 []


Package hyperref Warning: Suppressing link with empty target on input line 1417.

[20]

Package hyperref Warning: Suppressing link with empty target on input line 1487.

[21]
Underfull \hbox (badness 1297) in paragraph at lines 1554--1556
\T1/txr/m/n/10 This equa-tion closely re-sem-bles the fluid con-ti-nu-ity equa-
 []


Underfull \hbox (badness 2922) in paragraph at lines 1554--1556
\T1/txr/m/n/10 tion, with ad-di-tional terms ac-count-ing for the ex-pan-sion
 []


Underfull \hbox (badness 1721) in paragraph at lines 1554--1556
\T1/txr/m/n/10 of the Uni-verse and the ef-fect of grav-i-ta-tional po-ten-tials.
 []


Package hyperref Warning: Suppressing link with empty target on input line 1586.

[22]
Underfull \hbox (badness 1062) in paragraph at lines 1658--1659
\T1/txr/m/n/10 To nu-mer-i-cally solve the evo-lu-tion of per-tur-ba-tions in the
 []


Package hyperref Warning: Suppressing link with empty target on input line 1706.

[23]

Package hyperref Warning: Suppressing link with empty target on input line 1799.

[24]
Underfull \hbox (badness 1033) in paragraph at lines 1820--1822
\T1/txr/m/n/10 which pro-vides a use-ful ref-er-ence in the matter-dominated
 []


Package hyperref Warning: Suppressing link with empty target on input line 1917.

[25]

Package hyperref Warning: Suppressing link with empty target on input line 2019.

[26]
Overfull \hbox (4.11177pt too wide) detected at line 2023
$\OT1/txr/m/n/10 ^^B[](\OML/txmi/m/it/10 k\OT1/txr/m/n/10 ) \OMS/txsy/m/n/10 ^^Y [][] \OML/txmi/m/it/10 j[][]k\OT1/txr/m/n/10 (\OML/txmi/m/it/10 ^^Q[] \OMS/txsy/m/n/10 ^^@ \OML/txmi/m/it/10 ^^Q[]\OT1/txr/m/n/10 )[] \OMS/txsy/m/n/10 ^^Y [][]  \OML/txmi/m/it/10 j[]\OT1/txr/m/n/10 (\OML/txmi/m/it/10 k^^Q[]\OT1/txr/m/n/10 )\OML/txmi/m/it/10 :$  
 []


Underfull \hbox (badness 1701) in paragraph at lines 2023--2025
\T1/txr/m/n/10 The sec-ond ap-prox-i-ma-tion fol-lows from the fact that the
 []


Package hyperref Warning: Suppressing link with empty target on input line 2453.

[27] (out/main.bbl

Package hyperref Warning: Suppressing link with empty target on input line 15.

[28])

Package hyperref Warning: Suppressing link with empty target on input line 2595.

[29

] (out/main.aux

Package natbib Warning: Citation `tensions' multiply defined.


Package natbib Warning: Citation `camb2' multiply defined.


Package natbib Warning: Citation `nelson2020cold' multiply defined.


Package natbib Warning: Citation `Planck' multiply defined.


Package natbib Warning: Citation `Chi2' multiply defined.


Package natbib Warning: Citation `JWST' multiply defined.


Package natbib Warning: Citation `tumlinson2017circumgalactic' multiply defined.


Package natbib Warning: Citation `Course' multiply defined.

) ) 
Here is how much of TeX's memory you used:
 17111 strings out of 474116
 278366 string characters out of 5743682
 1973187 words of memory out of 5000000
 38815 multiletter control sequences out of 15000+600000
 657339 words of font info for 196 fonts, out of 8000000 for 9000
 1141 hyphenation exceptions out of 8191
 87i,16n,93p,1448b,630s stack positions out of 10000i,1000n,20000p,200000b,200000s
</usr/local/texlive/2024/texmf-dist/fonts/type1/public/amsfonts/cm/cmmi12.pfb></usr/local/texlive/2024/texmf-dist/fonts/type1/public/amsfonts/cm/cmr10.pfb></usr/local/texlive/2024/texmf-dist/fonts/type1/public/amsfonts/cm/cmr12.pfb></usr/local/texlive/2024/texmf-dist/fonts/type1/public/amsfonts/cm/cmr17.pfb></usr/local/texlive/2024/texmf-dist/fonts/type1/public/amsfonts/cm/cmr9.pfb></usr/local/texlive/2024/texmf-dist/fonts/type1/public/amsfonts/cm/cmsy10.pfb></usr/local/texlive/2024/texmf-dist/fonts/type1/public/txfonts/rtxmi.pfb></usr/local/texlive/2024/texmf-dist/fonts/type1/public/txfonts/rtxr.pfb></usr/local/texlive/2024/texmf-dist/fonts/type1/public/txfonts/t1xtt.pfb></usr/local/texlive/2024/texmf-dist/fonts/type1/public/txfonts/txex.pfb></usr/local/texlive/2024/texmf-dist/fonts/type1/public/txfonts/txsy.pfb></usr/local/texlive/2024/texmf-dist/fonts/type1/public/txfonts/txsya.pfb></usr/local/texlive/2024/texmf-dist/fonts/type1/public/txfonts/txsyb.pfb></usr/local/texlive/2024/texmf-dist/fonts/type1/urw/helvetic/uhvb8a.pfb></usr/local/texlive/2024/texmf-dist/fonts/type1/urw/helvetic/uhvr8a.pfb></usr/local/texlive/2024/texmf-dist/fonts/type1/urw/helvetic/uhvr8a.pfb></usr/local/texlive/2024/texmf-dist/fonts/type1/urw/times/utmb8a.pfb></usr/local/texlive/2024/texmf-dist/fonts/type1/urw/times/utmbi8a.pfb></usr/local/texlive/2024/texmf-dist/fonts/type1/urw/times/utmr8a.pfb></usr/local/texlive/2024/texmf-dist/fonts/type1/urw/times/utmri8a.pfb>
Output written on out/main.pdf (29 pages, 837634 bytes).
PDF statistics:
 1199 PDF objects out of 1200 (max. 8388607)
 1104 compressed objects within 12 object streams
 366 named destinations out of 1000 (max. 500000)
 650 words of extra memory for PDF output out of 10000 (max. 10000000)

